Drill report for traco_breakout_minimal.kicad_pcb
Created on 04/05/2023 12:42:01

Copper Layer Stackup:
    =============================================================
    L1 :  F.Cu                      front
    L2 :  B.Cu                      back


Drill file 'traco_breakout_minimal-PTH.drl' contains
    plated through holes:
    =============================================================
    T1  1.000mm  0.0394"  (3 holes)
    T2  1.100mm  0.0433"  (4 holes)
    T3  1.200mm  0.0472"  (8 holes)
    T4  1.300mm  0.0512"  (4 holes)
    T5  2.200mm  0.0866"  (2 holes)
    T6  3.200mm  0.1260"  (4 holes)

    Total plated holes count 25


Drill file 'traco_breakout_minimal-NPTH.drl' contains
    unplated through holes:
    =============================================================
    T1  3.200mm  0.1260"  (4 holes)

    Total unplated holes count 4
